<?xml version="1.0" encoding="UTF-8"?>
<!-- Generated by org.testng.reporters.JUnitReportReporter -->
<testsuite hostname="DESKTOP-AIR39DC" failures="0" tests="2" name="SeleniumProject.automation_exercise.tests.CommonPageTests" time="2.235" errors="0" timestamp="2024-04-02T12:29:40 PDT" skipped="0">
  <testcase classname="SeleniumProject.automation_exercise.tests.CommonPageTests" name="SubscribeOnCartPage" time="1.976"/>
  <testcase classname="SeleniumProject.automation_exercise.tests.CommonPageTests" name="SubscribeOnHomePage" time="0.259"/>
</testsuite> <!-- SeleniumProject.automation_exercise.tests.CommonPageTests -->
