<?xml version="1.0" encoding="UTF-8"?>
<!-- Generated by org.testng.reporters.JUnitReportReporter -->
<testsuite hostname="DESKTOP-AIR39DC" failures="0" tests="1" name="SeleniumProject.automation_exercise.tests.ContactUsTests" time="6.384" errors="0" timestamp="2023-11-08T19:26:29 PST" skipped="0">
  <testcase classname="SeleniumProject.automation_exercise.tests.ContactUsTests" name="FillContactUsForm" time="6.384"/>
</testsuite> <!-- SeleniumProject.automation_exercise.tests.ContactUsTests -->
