<?xml version="1.0" encoding="UTF-8"?>
<!-- Generated by org.testng.reporters.JUnitReportReporter -->
<testsuite hostname="DESKTOP-AIR39DC" failures="0" tests="4" name="SeleniumProject.automation_exercise.tests.APIPageTests" time="16.895" errors="0" timestamp="2024-03-21T17:59:49 PDT" skipped="0">
  <testcase classname="SeleniumProject.automation_exercise.tests.APIPageTests" name="NavigateToAPIPage" time="0.705"/>
  <testcase classname="SeleniumProject.automation_exercise.tests.APIPageTests" name="NavigateToAPIPage" time="5.332"/>
  <testcase classname="SeleniumProject.automation_exercise.tests.APIPageTests" name="BrowseTestCases" time="10.035"/>
  <testcase classname="SeleniumProject.automation_exercise.tests.APIPageTests" name="NavigateToAPIPage" time="0.823"/>
</testsuite> <!-- SeleniumProject.automation_exercise.tests.APIPageTests -->
