<?xml version="1.0" encoding="UTF-8"?>
<!-- Generated by org.testng.reporters.JUnitReportReporter -->
<testsuite hostname="DESKTOP-AIR39DC" failures="0" tests="3" name="SeleniumProject.automation_exercise.tests.ProductsTests" time="2.101" errors="0" timestamp="2023-11-12T14:23:29 PST" skipped="0">
  <testcase classname="SeleniumProject.automation_exercise.tests.ProductsTests" name="CategorizeProductsVerification" time="0.671"/>
  <testcase classname="SeleniumProject.automation_exercise.tests.ProductsTests" name="CategorizeProductsVerification" time="0.700"/>
  <testcase classname="SeleniumProject.automation_exercise.tests.ProductsTests" name="CategorizeProductsVerification" time="0.730"/>
</testsuite> <!-- SeleniumProject.automation_exercise.tests.ProductsTests -->
