<?xml version="1.0" encoding="UTF-8"?>
<!-- Generated by org.testng.reporters.JUnitReportReporter -->
<testsuite hostname="DESKTOP-AIR39DC" failures="0" tests="2" name="SeleniumProject.automation_exercise.tests.APIPageTests" time="29.442" errors="0" timestamp="2024-02-27T13:26:11 PST" skipped="0">
  <testcase classname="SeleniumProject.automation_exercise.tests.APIPageTests" name="NavigateToAPIPage" time="0.269"/>
  <testcase classname="SeleniumProject.automation_exercise.tests.APIPageTests" name="BrowseTestCases" time="29.173"/>
</testsuite> <!-- SeleniumProject.automation_exercise.tests.APIPageTests -->
