<?xml version="1.0" encoding="UTF-8"?>
<!-- Generated by org.testng.reporters.JUnitReportReporter -->
<testsuite hostname="DESKTOP-AIR39DC" failures="0" tests="1" name="SeleniumProject.automation_exercise.tests.LoginTests" time="1.740" errors="0" timestamp="2024-02-27T16:40:51 PST" skipped="0">
  <testcase classname="SeleniumProject.automation_exercise.tests.LoginTests" name="DeleteExistingUser" time="1.740"/>
</testsuite> <!-- SeleniumProject.automation_exercise.tests.LoginTests -->
