<?xml version="1.0" encoding="UTF-8"?>
<!-- Generated by org.testng.reporters.JUnitReportReporter -->
<testsuite hostname="DESKTOP-AIR39DC" failures="0" tests="1" name="SeleniumProject.automation_exercise.tests.CommonPageTests" time="0.504" errors="0" timestamp="2024-02-12T10:25:52 PST" skipped="0">
  <testcase classname="SeleniumProject.automation_exercise.tests.CommonPageTests" name="SubscribeOnCartPage" time="0.504"/>
</testsuite> <!-- SeleniumProject.automation_exercise.tests.CommonPageTests -->
