<?xml version="1.0" encoding="UTF-8"?>
<!-- Generated by org.testng.reporters.JUnitReportReporter -->
<testsuite hostname="DESKTOP-AIR39DC" failures="0" tests="1" name="SeleniumProject.automation_exercise.tests.OrderPurchaseVerification" time="8.116" errors="0" timestamp="2023-11-10T17:45:04 PST" skipped="0">
  <testcase classname="SeleniumProject.automation_exercise.tests.OrderPurchaseVerification" name="RegisterAtCheckout" time="8.116"/>
</testsuite> <!-- SeleniumProject.automation_exercise.tests.OrderPurchaseVerification -->
