<?xml version="1.0" encoding="UTF-8"?>
<!-- Generated by org.testng.reporters.JUnitReportReporter -->
<testsuite hostname="DESKTOP-AIR39DC" failures="0" tests="1" name="SeleniumProject.automation_exercise.tests.OrderPurchaseVerification" time="7.512" errors="0" timestamp="2023-11-12T11:48:22 PST" skipped="0">
  <testcase classname="SeleniumProject.automation_exercise.tests.OrderPurchaseVerification" name="PlaceOrderRegisterBeforeCheckout" time="7.512"/>
</testsuite> <!-- SeleniumProject.automation_exercise.tests.OrderPurchaseVerification -->
