<?xml version="1.0" encoding="UTF-8"?>
<!-- Generated by org.testng.reporters.JUnitReportReporter -->
<testsuite hostname="DESKTOP-AIR39DC" failures="0" tests="2" name="SeleniumProject.automation_exercise.tests.testing" time="0.026" errors="0" timestamp="2024-02-15T13:27:26 PST" skipped="0">
  <testcase classname="SeleniumProject.automation_exercise.tests.testing" name="test1" time="0.013"/>
  <testcase classname="SeleniumProject.automation_exercise.tests.testing" name="test2" time="0.013"/>
</testsuite> <!-- SeleniumProject.automation_exercise.tests.testing -->
