<?xml version="1.0" encoding="UTF-8"?>
<!-- Generated by org.testng.reporters.JUnitReportReporter -->
<testsuite hostname="DESKTOP-AIR39DC" failures="0" tests="1" name="SeleniumProject.automation_exercise.tests.ContactUsTests" time="9.395" errors="0" timestamp="2023-11-09T12:36:51 PST" skipped="0">
  <testcase classname="SeleniumProject.automation_exercise.tests.ContactUsTests" name="FillContactUsForm" time="9.395"/>
</testsuite> <!-- SeleniumProject.automation_exercise.tests.ContactUsTests -->
