<?xml version="1.0" encoding="UTF-8"?>
<!-- Generated by org.testng.reporters.JUnitReportReporter -->
<testsuite hostname="DESKTOP-AIR39DC" failures="0" tests="2" name="SeleniumProject.automation_exercise.tests.TestCasesTests" time="54.746" errors="0" timestamp="2023-11-09T14:13:12 PST" skipped="0">
  <testcase classname="SeleniumProject.automation_exercise.tests.TestCasesTests" name="NavigateToPage" time="0.419"/>
  <testcase classname="SeleniumProject.automation_exercise.tests.TestCasesTests" name="BrowseTestCases" time="54.327"/>
</testsuite> <!-- SeleniumProject.automation_exercise.tests.TestCasesTests -->
