<?xml version="1.0" encoding="UTF-8"?>
<!-- Generated by org.testng.reporters.JUnitReportReporter -->
<testsuite hostname="DESKTOP-AIR39DC" failures="0" tests="2" name="SeleniumProject.automation_exercise.tests.ProductsTests" time="1.563" errors="0" timestamp="2023-11-09T17:53:16 PST" skipped="0">
  <testcase classname="SeleniumProject.automation_exercise.tests.ProductsTests" name="ViewProductsPage" time="0.609"/>
  <testcase classname="SeleniumProject.automation_exercise.tests.ProductsTests" name="SearchForProducts" time="0.954"/>
</testsuite> <!-- SeleniumProject.automation_exercise.tests.ProductsTests -->
