<?xml version="1.0" encoding="UTF-8"?>
<!-- Generated by org.testng.reporters.JUnitReportReporter -->
<testsuite hostname="DESKTOP-AIR39DC" failures="0" tests="2" name="SeleniumProject.automation_exercise.tests.ProductsTests" time="2.180" errors="0" timestamp="2023-11-09T15:41:46 PST" skipped="0">
  <testcase classname="SeleniumProject.automation_exercise.tests.ProductsTests" name="ViewProductsPage" time="1.055"/>
  <testcase classname="SeleniumProject.automation_exercise.tests.ProductsTests" name="ViewFirstProduct" time="1.125"/>
</testsuite> <!-- SeleniumProject.automation_exercise.tests.ProductsTests -->
