<?xml version="1.0" encoding="UTF-8"?>
<!-- Generated by org.testng.reporters.JUnitReportReporter -->
<testsuite hostname="DESKTOP-AIR39DC" failures="0" tests="1" name="SeleniumProject.automation_exercise.tests.LoginTests" time="1.163" errors="0" timestamp="2024-02-12T11:27:31 PST" skipped="0">
  <testcase classname="SeleniumProject.automation_exercise.tests.LoginTests" name="Logout" time="1.163"/>
</testsuite> <!-- SeleniumProject.automation_exercise.tests.LoginTests -->
