<?xml version="1.0" encoding="UTF-8"?>
<!-- Generated by org.testng.reporters.JUnitReportReporter -->
<testsuite hostname="DESKTOP-AIR39DC" failures="0" tests="1" name="SeleniumProject.automation_exercise.tests.ContactUsTests" time="4.818" errors="0" timestamp="2024-04-02T12:29:40 PDT" skipped="0">
  <testcase classname="SeleniumProject.automation_exercise.tests.ContactUsTests" name="FillContactUsForm" time="4.818"/>
</testsuite> <!-- SeleniumProject.automation_exercise.tests.ContactUsTests -->
