<?xml version="1.0" encoding="UTF-8"?>
<!-- Generated by org.testng.reporters.JUnitReportReporter -->
<testsuite hostname="DESKTOP-AIR39DC" failures="0" tests="1" name="SeleniumProject.automation_exercise.tests.LoginTests" time="3.625" errors="0" timestamp="2023-11-07T15:57:48 PST" skipped="0">
  <testcase classname="SeleniumProject.automation_exercise.tests.LoginTests" name="RegisterUser" time="3.625"/>
</testsuite> <!-- SeleniumProject.automation_exercise.tests.LoginTests -->
