<?xml version="1.0" encoding="UTF-8"?>
<!-- Generated by org.testng.reporters.JUnitReportReporter -->
<testsuite hostname="DESKTOP-AIR39DC" failures="0" tests="1" name="SeleniumProject.automation_exercise.tests.testing" time="0.007" errors="0" timestamp="2024-03-22T11:14:25 PDT" skipped="0">
  <testcase classname="SeleniumProject.automation_exercise.tests.testing" name="test1" time="0.007"/>
</testsuite> <!-- SeleniumProject.automation_exercise.tests.testing -->
