<?xml version="1.0" encoding="UTF-8"?>
<!-- Generated by org.testng.reporters.JUnitReportReporter -->
<testsuite hostname="DESKTOP-AIR39DC" failures="0" tests="2" name="SeleniumProject.automation_exercise.tests.HomePageTests" time="1.284" errors="0" timestamp="2024-03-21T17:59:49 PDT" skipped="0">
  <testcase classname="SeleniumProject.automation_exercise.tests.HomePageTests" name="ScrollUpArrowFromFooter" time="1.028"/>
  <testcase classname="SeleniumProject.automation_exercise.tests.HomePageTests" name="ScrollUpFromFooter" time="0.256"/>
</testsuite> <!-- SeleniumProject.automation_exercise.tests.HomePageTests -->
