<?xml version="1.0" encoding="UTF-8"?>
<!-- Generated by org.testng.reporters.JUnitReportReporter -->
<testsuite hostname="DESKTOP-AIR39DC" failures="0" tests="1" name="SeleniumProject.automation_exercise.tests.CommonPageTests" time="0.204" errors="0" timestamp="2024-03-21T11:33:31 PDT" skipped="0">
  <testcase classname="SeleniumProject.automation_exercise.tests.CommonPageTests" name="SubscribeOnHomePage" time="0.204"/>
</testsuite> <!-- SeleniumProject.automation_exercise.tests.CommonPageTests -->
