<?xml version="1.0" encoding="UTF-8"?>
<!-- Generated by org.testng.reporters.JUnitReportReporter -->
<testsuite hostname="DESKTOP-AIR39DC" failures="0" tests="1" name="SeleniumProject.automation_exercise.tests.VideoTutorialsTests" time="2.152" errors="0" timestamp="2024-03-21T12:16:33 PDT" skipped="0">
  <testcase classname="SeleniumProject.automation_exercise.tests.VideoTutorialsTests" name="VerifyYouTubePage" time="2.152"/>
</testsuite> <!-- SeleniumProject.automation_exercise.tests.VideoTutorialsTests -->
