<?xml version="1.0" encoding="UTF-8"?>
<!-- Generated by org.testng.reporters.JUnitReportReporter -->
<testsuite hostname="DESKTOP-AIR39DC" failures="0" tests="1" name="SeleniumProject.automation_exercise.tests.CommonPageTests" time="0.220" errors="0" timestamp="2023-11-12T12:05:15 PST" skipped="0">
  <testcase classname="SeleniumProject.automation_exercise.tests.CommonPageTests" name="SubscribeOnHomePage" time="0.220"/>
</testsuite> <!-- SeleniumProject.automation_exercise.tests.CommonPageTests -->
