<?xml version="1.0" encoding="UTF-8"?>
<!-- Generated by org.testng.reporters.JUnitReportReporter -->
<testsuite hostname="DESKTOP-AIR39DC" failures="0" tests="1" name="SeleniumProject.automation_exercise.tests.HomePageTests" time="0.176" errors="0" timestamp="2024-02-12T10:28:34 PST" skipped="0">
  <testcase classname="SeleniumProject.automation_exercise.tests.HomePageTests" name="ScrollUpFromFooter" time="0.176"/>
</testsuite> <!-- SeleniumProject.automation_exercise.tests.HomePageTests -->
