<?xml version="1.0" encoding="UTF-8"?>
<!-- Generated by org.testng.reporters.JUnitReportReporter -->
<testsuite hostname="DESKTOP-AIR39DC" failures="0" tests="1" name="SeleniumProject.automation_exercise.tests.HomePageTests" time="0.149" errors="0" timestamp="2023-11-15T12:12:22 PST" skipped="0">
  <testcase classname="SeleniumProject.automation_exercise.tests.HomePageTests" name="ScrollUpFromFooter" time="0.149"/>
</testsuite> <!-- SeleniumProject.automation_exercise.tests.HomePageTests -->
