<?xml version="1.0" encoding="UTF-8"?>
<!-- Generated by org.testng.reporters.JUnitReportReporter -->
<testsuite hostname="DESKTOP-AIR39DC" failures="0" tests="1" name="SeleniumProject.automation_exercise.tests.ContactUsTests" time="3.388" errors="0" timestamp="2024-02-12T10:26:29 PST" skipped="0">
  <testcase classname="SeleniumProject.automation_exercise.tests.ContactUsTests" name="FillContactUsForm" time="3.388"/>
</testsuite> <!-- SeleniumProject.automation_exercise.tests.ContactUsTests -->
