<?xml version="1.0" encoding="UTF-8"?>
<!-- Generated by org.testng.reporters.JUnitReportReporter -->
<testsuite hostname="DESKTOP-AIR39DC" failures="0" tests="1" name="SeleniumProject.automation_exercise.tests.ProductsTests" time="0.435" errors="0" timestamp="2024-03-21T16:41:25 PDT" skipped="0">
  <testcase classname="SeleniumProject.automation_exercise.tests.ProductsTests" name="AddRecommendedItem" time="0.435"/>
</testsuite> <!-- SeleniumProject.automation_exercise.tests.ProductsTests -->
