<?xml version="1.0" encoding="UTF-8"?>
<!-- Generated by org.testng.reporters.JUnitReportReporter -->
<testsuite hostname="DESKTOP-AIR39DC" failures="0" tests="1" name="SeleniumProject.automation_exercise.tests.LoginTests" time="2.865" errors="0" timestamp="2024-03-21T16:36:32 PDT" skipped="0">
  <testcase classname="SeleniumProject.automation_exercise.tests.LoginTests" name="RegisterThenDeleteUser" time="2.865"/>
</testsuite> <!-- SeleniumProject.automation_exercise.tests.LoginTests -->
