<?xml version="1.0" encoding="UTF-8"?>
<!-- Generated by org.testng.reporters.JUnitReportReporter -->
<testsuite hostname="DESKTOP-AIR39DC" failures="0" tests="4" name="SeleniumProject.automation_exercise.tests.TestCasesTests" time="56.124" errors="0" timestamp="2024-03-21T17:59:49 PDT" skipped="0">
  <testcase classname="SeleniumProject.automation_exercise.tests.TestCasesTests" name="NavigateToTestCasesPage" time="0.664"/>
  <testcase classname="SeleniumProject.automation_exercise.tests.TestCasesTests" name="NavigateToTestCasesPage" time="0.350"/>
  <testcase classname="SeleniumProject.automation_exercise.tests.TestCasesTests" name="NavigateToTestCasesPage" time="0.462"/>
  <testcase classname="SeleniumProject.automation_exercise.tests.TestCasesTests" name="BrowseTestCases" time="54.648"/>
</testsuite> <!-- SeleniumProject.automation_exercise.tests.TestCasesTests -->
