<?xml version="1.0" encoding="UTF-8"?>
<!-- Generated by org.testng.reporters.JUnitReportReporter -->
<testsuite hostname="DESKTOP-AIR39DC" failures="0" tests="2" name="SeleniumProject.automation_exercise.tests.HomePageTests" time="1.597" errors="0" timestamp="2024-04-02T12:29:40 PDT" skipped="0">
  <testcase classname="SeleniumProject.automation_exercise.tests.HomePageTests" name="ScrollUpFromFooter" time="0.295"/>
  <testcase classname="SeleniumProject.automation_exercise.tests.HomePageTests" name="ScrollUpArrowFromFooter" time="1.302"/>
</testsuite> <!-- SeleniumProject.automation_exercise.tests.HomePageTests -->
