<?xml version="1.0" encoding="UTF-8"?>
<!-- Generated by org.testng.reporters.JUnitReportReporter -->
<testsuite hostname="DESKTOP-AIR39DC" failures="0" tests="2" name="SeleniumProject.automation_exercise.tests.TestCasesTests" time="7.315" errors="0" timestamp="2024-04-02T12:35:03 PDT" skipped="0">
  <testcase classname="SeleniumProject.automation_exercise.tests.TestCasesTests" name="NavigateToTestCasesPage" time="0.892"/>
  <testcase classname="SeleniumProject.automation_exercise.tests.TestCasesTests" name="BrowseTestCases" time="6.423"/>
</testsuite> <!-- SeleniumProject.automation_exercise.tests.TestCasesTests -->
