<?xml version="1.0" encoding="UTF-8"?>
<!-- Generated by org.testng.reporters.JUnitReportReporter -->
<testsuite hostname="DESKTOP-AIR39DC" failures="0" tests="2" name="SeleniumProject.automation_exercise.tests.APIPageTests" time="7.463" errors="0" timestamp="2024-04-02T12:35:03 PDT" skipped="0">
  <testcase classname="SeleniumProject.automation_exercise.tests.APIPageTests" name="BrowseAPITestCases" time="6.712"/>
  <testcase classname="SeleniumProject.automation_exercise.tests.APIPageTests" name="NavigateToAPIPage" time="0.751"/>
</testsuite> <!-- SeleniumProject.automation_exercise.tests.APIPageTests -->
