<?xml version="1.0" encoding="UTF-8"?>
<!-- Generated by org.testng.reporters.JUnitReportReporter -->
<testsuite hostname="DESKTOP-AIR39DC" failures="0" tests="3" name="SeleniumProject.automation_exercise.tests.OrderPurchaseValidation" time="28.436" errors="0" timestamp="2024-02-28T12:58:54 PST" skipped="0">
  <testcase classname="SeleniumProject.automation_exercise.tests.OrderPurchaseValidation" name="LoginBeforeCheckout" time="8.187"/>
  <testcase classname="SeleniumProject.automation_exercise.tests.OrderPurchaseValidation" name="PlaceOrderRegisterAtCheckout" time="10.899"/>
  <testcase classname="SeleniumProject.automation_exercise.tests.OrderPurchaseValidation" name="PlaceOrderRegisterBeforeCheckout" time="9.350"/>
</testsuite> <!-- SeleniumProject.automation_exercise.tests.OrderPurchaseValidation -->
