<?xml version="1.0" encoding="UTF-8"?>
<!-- Generated by org.testng.reporters.JUnitReportReporter -->
<testsuite hostname="DESKTOP-AIR39DC" failures="0" tests="3" name="SeleniumProject.automation_exercise.tests.OrderPurchaseValidation" time="22.046" errors="0" timestamp="2024-04-01T17:20:42 PDT" skipped="0">
  <testcase classname="SeleniumProject.automation_exercise.tests.OrderPurchaseValidation" name="PlaceOrderRegisterBeforeCheckout" time="7.559"/>
  <testcase classname="SeleniumProject.automation_exercise.tests.OrderPurchaseValidation" name="LoginBeforeCheckout" time="6.496"/>
  <testcase classname="SeleniumProject.automation_exercise.tests.OrderPurchaseValidation" name="PlaceOrderRegisterAtCheckout" time="7.991"/>
</testsuite> <!-- SeleniumProject.automation_exercise.tests.OrderPurchaseValidation -->
