<?xml version="1.0" encoding="UTF-8"?>
<!-- Generated by org.testng.reporters.JUnitReportReporter -->
<testsuite hostname="DESKTOP-AIR39DC" failures="0" tests="2" name="SeleniumProject.automation_exercise.tests.HomePageTests" time="0.418" errors="0" timestamp="2024-04-02T12:35:03 PDT" skipped="0">
  <testcase classname="SeleniumProject.automation_exercise.tests.HomePageTests" name="ScrollUpFromFooter" time="0.218"/>
  <testcase classname="SeleniumProject.automation_exercise.tests.HomePageTests" name="ScrollUpArrowFromFooter" time="0.200"/>
</testsuite> <!-- SeleniumProject.automation_exercise.tests.HomePageTests -->
