<?xml version="1.0" encoding="UTF-8"?>
<!-- Generated by org.testng.reporters.JUnitReportReporter -->
<testsuite hostname="DESKTOP-AIR39DC" failures="0" tests="3" name="SeleniumProject.automation_exercise.tests.OrderPurchaseValidation" time="21.061" errors="0" timestamp="2024-02-28T13:35:38 PST" skipped="0">
  <testcase classname="SeleniumProject.automation_exercise.tests.OrderPurchaseValidation" name="PlaceOrderRegisterAtCheckout" time="8.098"/>
  <testcase classname="SeleniumProject.automation_exercise.tests.OrderPurchaseValidation" name="PlaceOrderRegisterBeforeCheckout" time="6.455"/>
  <testcase classname="SeleniumProject.automation_exercise.tests.OrderPurchaseValidation" name="LoginBeforeCheckout" time="6.508"/>
</testsuite> <!-- SeleniumProject.automation_exercise.tests.OrderPurchaseValidation -->
