<?xml version="1.0" encoding="UTF-8"?>
<!-- Generated by org.testng.reporters.JUnitReportReporter -->
<testsuite hostname="DESKTOP-AIR39DC" failures="0" tests="3" name="SeleniumProject.automation_exercise.tests.OrderPurchaseValidation" time="20.130" errors="0" timestamp="2024-02-15T16:38:26 PST" skipped="0">
  <testcase classname="SeleniumProject.automation_exercise.tests.OrderPurchaseValidation" name="LoginBeforeCheckout" time="6.026"/>
  <testcase classname="SeleniumProject.automation_exercise.tests.OrderPurchaseValidation" name="PlaceOrderRegisterAtCheckout" time="7.475"/>
  <testcase classname="SeleniumProject.automation_exercise.tests.OrderPurchaseValidation" name="PlaceOrderRegisterBeforeCheckout" time="6.629"/>
</testsuite> <!-- SeleniumProject.automation_exercise.tests.OrderPurchaseValidation -->
